<?xml version="1.0" encoding="UTF-8"?>
<!-- Generated by org.testng.reporters.JUnitReportReporter -->
<testsuite skipped="0" hostname="JaishanDell" name="testCases.TC_VideoGameAPI" tests="5" failures="0" timestamp="01 Feb 2021 15:21:14 GMT" time="6.399" errors="0">
  <testcase name="test_getAllVideoGames" time="2.138" classname="testCases.TC_VideoGameAPI"/>
  <testcase name="test_addNewVideoGame" time="0.530" classname="testCases.TC_VideoGameAPI"/>
  <testcase name="test_getVideoGame" time="0.638" classname="testCases.TC_VideoGameAPI"/>
  <testcase name="test_UpdateVideoGame" time="0.061" classname="testCases.TC_VideoGameAPI"/>
  <testcase name="test_DeleteVideoGame" time="3.032" classname="testCases.TC_VideoGameAPI"/>
</testsuite> <!-- testCases.TC_VideoGameAPI -->
