<?xml version="1.0" encoding="UTF-8"?>
<!-- Generated by org.testng.reporters.JUnitReportReporter -->
<testsuite skipped="0" hostname="JaishanDell" name="testCases.TC_AddVideoGameDDT" tests="10" failures="0" timestamp="01 Feb 2021 08:06:22 GMT" time="3.376" errors="0">
  <testcase name="test_addNewVideoGame" time="0.029" classname="testCases.TC_AddVideoGameDDT"/>
  <testcase name="test_addNewVideoGame" time="0.045" classname="testCases.TC_AddVideoGameDDT"/>
  <testcase name="test_addNewVideoGame" time="2.394" classname="testCases.TC_AddVideoGameDDT"/>
  <testcase name="test_addNewVideoGame" time="0.055" classname="testCases.TC_AddVideoGameDDT"/>
  <testcase name="test_addNewVideoGame" time="0.033" classname="testCases.TC_AddVideoGameDDT"/>
  <testcase name="test_getVideoGame" time="0.048" classname="testCases.TC_AddVideoGameDDT"/>
  <testcase name="test_getVideoGame" time="0.060" classname="testCases.TC_AddVideoGameDDT"/>
  <testcase name="test_getVideoGame" time="0.042" classname="testCases.TC_AddVideoGameDDT"/>
  <testcase name="test_getVideoGame" time="0.578" classname="testCases.TC_AddVideoGameDDT"/>
  <testcase name="test_getVideoGame" time="0.092" classname="testCases.TC_AddVideoGameDDT"/>
</testsuite> <!-- testCases.TC_AddVideoGameDDT -->
