<?xml version="1.0" encoding="UTF-8"?>
<!-- Generated by org.testng.reporters.JUnitReportReporter -->
<testsuite skipped="0" hostname="JaishanDell" name="testCases.TC_VideoGameAPI" tests="1" failures="0" timestamp="17 Jan 2021 21:50:11 GMT" time="6.016" errors="0">
  <testcase name="test_DeleteVideoGame" time="6.016" classname="testCases.TC_VideoGameAPI"/>
</testsuite> <!-- testCases.TC_VideoGameAPI -->
